\BOOKMARK [1][-]{section*.2}{\376\377\000A\000g\000r\000a\000d\000e\000c\000i\000m\000i\000e\000n\000t\000o\000s}{}% 1
\BOOKMARK [1][-]{section*.2}{\376\377\000L\000i\000s\000t\000a\000\040\000d\000e\000\040\000F\000i\000g\000u\000r\000a\000s}{}% 2
\BOOKMARK [1][-]{section*.2}{\376\377\000L\000i\000s\000t\000a\000\040\000d\000e\000\040\000T\000a\000b\000l\000a\000s}{}% 3
\BOOKMARK [1][-]{section*.3}{\376\377\000L\000i\000s\000t\000a\000\040\000d\000e\000\040\000A\000c\000r\000\363\000n\000i\000m\000o\000s}{}% 4
\BOOKMARK [1][-]{section.1}{\376\377\000I\000n\000t\000r\000o\000d\000u\000c\000c\000i\000\363\000n}{}% 5
\BOOKMARK [1][-]{section.2}{\376\377\000G\000e\000n\000e\000r\000a\000c\000i\000\363\000n\000\040\000d\000e\000\040\000s\000e\000n\000s\000a\000c\000i\000\363\000n\000\040\000t\000\341\000c\000t\000i\000l\000\040\000e\000n\000\040\000l\000a\000\040\000z\000o\000n\000a\000\040\000p\000a\000l\000m\000a\000r\000\040\000d\000e\000\040\000l\000a\000\040\000m\000a\000n\000o}{}% 6
\BOOKMARK [1][-]{section.3}{\376\377\000I\000n\000t\000e\000r\000f\000a\000z\000\040\000h\000a\000r\000d\000w\000a\000r\000e}{}% 7
\BOOKMARK [2][-]{subsection.3.1}{\376\377\000A\000r\000d\000u\000i\000n\000o\000\040\000N\000a\000n\000o\000\040\000R\000P\0002\0000\0004\0000\000\040\000C\000o\000n\000n\000e\000c\000t}{section.3}% 8
\BOOKMARK [3][-]{subsubsection.3.1.1}{\376\377\000M\000\363\000d\000u\000l\000o\000\040\000L\000S\000M\0006\000D\000S\000O\000X\000T\000R}{subsection.3.1}% 9
\BOOKMARK [3][-]{subsubsection.3.1.2}{\376\377\000M\000\363\000d\000u\000l\000o\000\040\000d\000e\000\040\000c\000o\000n\000e\000c\000t\000i\000v\000i\000d\000a\000d\000\040\000i\000n\000a\000l\000\341\000m\000b\000r\000i\000c\000a\000\040\000N\000I\000N\000A\000-\000W\0001\0000\0002}{subsection.3.1}% 10
\BOOKMARK [2][-]{subsection.3.2}{\376\377\000S\000i\000s\000t\000e\000m\000a\000\040\000d\000e\000\040\000a\000d\000q\000u\000i\000s\000i\000c\000i\000\363\000n\000\040\000d\000e\000\040\000p\000o\000s\000i\000c\000i\000o\000n\000e\000s\000\040\000d\000e\000\040\000l\000a\000\040\000m\000a\000n\000o}{section.3}% 11
\BOOKMARK [2][-]{subsection.3.3}{\376\377\000C\000i\000r\000c\000u\000i\000t\000o\000\040\000d\000e\000\040\000e\000s\000t\000i\000m\000u\000l\000a\000c\000i\000\363\000n\000\040\000e\000l\000e\000c\000t\000r\000o\000t\000\341\000c\000t\000i\000l}{section.3}% 12
\BOOKMARK [1][-]{section.4}{\376\377\000P\000r\000o\000c\000e\000s\000a\000m\000i\000e\000n\000t\000o\000\040\000d\000e\000\040\000d\000a\000t\000o\000s\000:\000\040\000o\000r\000i\000e\000n\000t\000a\000c\000i\000\363\000n\000\040\000e\000s\000p\000a\000c\000i\000a\000l}{}% 13
\BOOKMARK [2][-]{subsection.4.1}{\376\377\000R\000e\000p\000r\000e\000s\000e\000n\000t\000a\000c\000i\000\363\000n\000\040\000d\000e\000\040\000l\000a\000\040\000o\000r\000i\000e\000n\000t\000a\000c\000i\000\363\000n\000:\000\040\000c\000u\000a\000t\000e\000r\000n\000i\000o\000n\000e\000s}{section.4}% 14
\BOOKMARK [2][-]{subsection.4.2}{\376\377\000F\000u\000s\000i\000\363\000n\000\040\000d\000e\000\040\000a\000c\000e\000l\000e\000r\000\363\000m\000e\000t\000r\000o\000\040\000y\000\040\000g\000i\000r\000o\000s\000c\000o\000p\000i\000o}{section.4}% 15
\BOOKMARK [2][-]{subsection.4.3}{\376\377\000C\000o\000n\000t\000r\000o\000l\000a\000d\000o\000r\000\040\000P\000I\000\040\000y\000\040\000c\000o\000r\000r\000e\000c\000c\000i\000\363\000n\000\040\000d\000e\000l\000\040\000b\000i\000a\000s}{section.4}% 16
\BOOKMARK [2][-]{subsection.4.4}{\376\377\000C\000a\000l\000i\000b\000r\000a\000c\000i\000\363\000n\000\040\000i\000n\000i\000c\000i\000a\000l\000\040\000y\000\040\000r\000e\000c\000e\000n\000t\000r\000a\000d\000o\000\040\000d\000i\000n\000\341\000m\000i\000c\000o}{section.4}% 17
\BOOKMARK [1][-]{section.5}{\376\377\000P\000r\000o\000c\000e\000s\000a\000m\000i\000e\000n\000t\000o\000\040\000d\000e\000\040\000d\000a\000t\000o\000s\000:\000\040\000f\000l\000e\000x\000i\000\363\000n\000\040\000d\000e\000\040\000l\000o\000s\000\040\000d\000e\000d\000o\000s}{}% 18
\BOOKMARK [2][-]{subsection.5.1}{\376\377\000D\000a\000t\000a\000s\000e\000t}{section.5}% 19
\BOOKMARK [3][-]{subsubsection.5.1.1}{\376\377\000O\000n\000e\000-\000h\000o\000t\000\040\000e\000n\000c\000o\000d\000i\000n\000g}{subsection.5.1}% 20
\BOOKMARK [2][-]{subsection.5.2}{\376\377\000E\000n\000t\000r\000e\000n\000a\000m\000i\000e\000n\000t\000o\000\040\000y\000\040\000s\000e\000l\000e\000c\000c\000i\000\363\000n\000\040\000d\000e\000\040\000l\000a\000\040\000a\000r\000q\000u\000i\000t\000e\000c\000t\000u\000r\000a}{section.5}% 21
\BOOKMARK [2][-]{subsection.5.3}{\376\377\000C\000o\000m\000p\000r\000e\000s\000i\000\363\000n\000\040\000e\000\040\000i\000n\000t\000e\000g\000r\000a\000c\000i\000\363\000n\000\040\000c\000o\000n\000\040\000T\000e\000n\000s\000o\000r\000F\000l\000o\000w\000\040\000L\000i\000t\000e}{section.5}% 22
\BOOKMARK [1][-]{section.6}{\376\377\000E\000s\000t\000u\000d\000i\000o\000\040\000d\000e\000\040\000p\000e\000r\000c\000e\000p\000c\000i\000\363\000n\000\040\000d\000e\000\040\000s\000e\000n\000s\000a\000c\000i\000\363\000n\000\040\000t\000\341\000c\000t\000i\000l}{}% 23
\BOOKMARK [2][-]{subsection.6.1}{\376\377\000C\000a\000r\000a\000c\000t\000e\000r\000i\000z\000a\000c\000i\000\363\000n\000\040\000d\000e\000\040\000l\000a\000\040\000c\000u\000r\000v\000a\000\040\000d\000e\000\040\000c\000o\000r\000r\000i\000e\000n\000t\000e}{section.6}% 24
\BOOKMARK [2][-]{subsection.6.2}{\376\377\000L\000i\000n\000e\000a\000l\000i\000z\000a\000c\000i\000\363\000n\000\040\000y\000\040\000r\000e\000g\000r\000e\000s\000i\000\363\000n}{section.6}% 25
\BOOKMARK [2][-]{subsection.6.3}{\376\377\000E\000s\000t\000u\000d\000i\000o\000\040\000p\000e\000r\000c\000e\000p\000t\000i\000v\000o}{section.6}% 26
\BOOKMARK [3][-]{subsubsection.6.3.1}{\376\377\000P\000r\000o\000t\000o\000c\000o\000l\000o\000\040\000e\000x\000p\000e\000r\000i\000m\000e\000n\000t\000a\000l}{subsection.6.3}% 27
\BOOKMARK [3][-]{subsubsection.6.3.2}{\376\377\000R\000e\000s\000u\000l\000t\000a\000d\000o\000s}{subsection.6.3}% 28
\BOOKMARK [1][-]{section.7}{\376\377\000A\000p\000l\000i\000c\000a\000c\000i\000\363\000n\000\040\000d\000e\000l\000\040\000s\000i\000s\000t\000e\000m\000a\000:\000\040\000c\000o\000n\000t\000r\000o\000l\000\040\000d\000e\000\040\000u\000n\000\040\000d\000r\000o\000n\000\040\000c\000o\000n\000\040\000f\000e\000e\000d\000b\000a\000c\000k\000\040\000h\000\341\000p\000t\000i\000c\000o}{}% 29
\BOOKMARK [2][-]{subsection.7.1}{\376\377\000P\000r\000o\000t\000o\000c\000o\000l\000o\000\040\000W\000i\000F\000i\000\040\000d\000e\000\040\000c\000o\000n\000t\000r\000o\000l\000\040\000d\000e\000l\000\040\000d\000r\000o\000n}{section.7}% 30
\BOOKMARK [2][-]{subsection.7.2}{\376\377\000B\000u\000c\000l\000e\000\040\000d\000e\000\040\000c\000o\000n\000t\000r\000o\000l}{section.7}% 31
\BOOKMARK [2][-]{subsection.7.3}{\376\377\000S\000e\000c\000u\000e\000n\000c\000i\000a\000\040\000d\000e\000\040\000a\000c\000r\000o\000b\000a\000c\000i\000a}{section.7}% 32
\BOOKMARK [2][-]{subsection.7.4}{\376\377\000R\000e\000t\000r\000o\000a\000l\000i\000m\000e\000n\000t\000a\000c\000i\000\363\000n\000\040\000h\000\341\000p\000t\000i\000c\000a\000\040\000d\000u\000r\000a\000n\000t\000e\000\040\000e\000l\000\040\000v\000u\000e\000l\000o}{section.7}% 33
\BOOKMARK [1][-]{section.8}{\376\377\000C\000o\000n\000c\000l\000u\000s\000i\000o\000n\000e\000s\000\040\000y\000\040\000t\000r\000a\000b\000a\000j\000o\000\040\000f\000u\000t\000u\000r\000o}{}% 34
\BOOKMARK [1][-]{section.8}{\376\377\000B\000i\000b\000l\000i\000o\000g\000r\000a\000f\000\355\000a}{}% 35
\BOOKMARK [1][-]{section.1.A}{\376\377\000R\000e\000p\000o\000s\000i\000t\000o\000r\000i\000o\000\040\000d\000e\000\040\000G\000i\000t\000-\000H\000u\000b}{}% 36
\BOOKMARK [1][-]{section.1.B}{\376\377\000G\000U\000I\000\040\000d\000e\000\040\000c\000o\000n\000t\000r\000o\000l\000\040\000d\000e\000l\000\040\000d\000r\000o\000n}{}% 37
